{
  "RSpec": {
    "coverage": {
      "/Users/palyrex/Desktop/projects/week_1/FAAST/lib/coach.rb": [
        1,
        null,
        1,
        1,
        null,
        1,
        null,
        1,
        43,
        null,
        null,
        1,
        42,
        41,
        41,
        null,
        null
      ],
      "/Users/palyrex/Desktop/projects/week_1/FAAST/lib/container.rb": [
        1,
        null,
        1,
        114,
        null,
        null,
        1,
        48,
        null,
        null,
        1,
        4,
        null,
        null,
        null
      ],
      "/Users/palyrex/Desktop/projects/week_1/FAAST/lib/passenger.rb": [
        1,
        null,
        1,
        null,
        1,
        null,
        1,
        null,
        1,
        null,
        1,
        8,
        8,
        null,
        null,
        1,
        1,
        null,
        null,
        1,
        1,
        1,
        null,
        null,
        1,
        1,
        1,
        null,
        null,
        1,
        1,
        1,
        1,
        null,
        null,
        1,
        1,
        1,
        1,
        null,
        null,
        1,
        null,
        1,
        2,
        null,
        null,
        null
      ],
      "/Users/palyrex/Desktop/projects/week_1/FAAST/lib/station.rb": [
        1,
        null,
        1,
        1,
        null,
        1,
        null,
        1,
        null,
        1,
        11,
        11,
        null,
        null,
        1,
        2,
        2,
        2,
        null,
        null,
        1,
        1,
        null,
        null,
        1,
        3,
        2,
        null,
        null,
        1,
        2,
        2,
        null,
        null,
        1,
        2,
        null,
        null,
        1,
        1,
        null,
        null,
        null
      ],
      "/Users/palyrex/Desktop/projects/week_1/FAAST/lib/train.rb": [
        1,
        null,
        1,
        null,
        1,
        null,
        1,
        null,
        1,
        2,
        2,
        null,
        null,
        1,
        1,
        null,
        null,
        1,
        22,
        null,
        null,
        null
      ]
    },
    "timestamp": 1423429719
  }
}
